<?xml version="1.0" encoding="UTF-8"?>
<testng-results total="3" passed="3" failed="0" skipped="0">
  <reporter-output>
  </reporter-output>
  <suite started-at="2022-10-20T12:38:18Z" name="Surefire suite" finished-at="2022-10-20T12:39:03Z" duration-ms="44251">
    <groups>
    </groups>
    <test started-at="2022-10-20T12:38:18Z" name="Surefire test" finished-at="2022-10-20T12:39:03Z" duration-ms="44251">
      <class name="Casestudy.TestNG">
        <test-method is-config="true" signature="BT()[pri:0, instance:Casestudy.TestNG@17695df3]" started-at="2022-10-20T18:08:18Z" name="BT" finished-at="2022-10-20T18:08:31Z" duration-ms="12212" status="PASS">
          <reporter-output>
          </reporter-output>
        </test-method> <!-- BT -->
        <test-method signature="testcase1()[pri:0, instance:Casestudy.TestNG@17695df3]" started-at="2022-10-20T18:08:31Z" name="testcase1" finished-at="2022-10-20T18:08:34Z" duration-ms="3478" status="PASS">
          <reporter-output>
          </reporter-output>
        </test-method> <!-- testcase1 -->
        <test-method signature="testcase2()[pri:1, instance:Casestudy.TestNG@17695df3]" started-at="2022-10-20T18:08:34Z" name="testcase2" finished-at="2022-10-20T18:08:35Z" duration-ms="823" status="PASS">
          <reporter-output>
          </reporter-output>
        </test-method> <!-- testcase2 -->
        <test-method signature="testcase3()[pri:2, instance:Casestudy.TestNG@17695df3]" started-at="2022-10-20T18:08:35Z" name="testcase3" finished-at="2022-10-20T18:08:59Z" duration-ms="24438" status="PASS">
          <reporter-output>
          </reporter-output>
        </test-method> <!-- testcase3 -->
        <test-method is-config="true" signature="B()[pri:0, instance:Casestudy.TestNG@17695df3]" started-at="2022-10-20T18:08:59Z" name="B" finished-at="2022-10-20T18:09:03Z" duration-ms="3288" status="PASS">
          <reporter-output>
          </reporter-output>
        </test-method> <!-- B -->
      </class> <!-- Casestudy.TestNG -->
    </test> <!-- Surefire test -->
  </suite> <!-- Surefire suite -->
</testng-results>
