<?xml version="1.0" encoding="UTF-8"?>
<testng-results total="3" passed="3" failed="0" skipped="0">
  <reporter-output>
  </reporter-output>
  <suite started-at="2022-10-20T10:40:29Z" name="Default suite" finished-at="2022-10-20T10:41:11Z" duration-ms="41645">
    <groups>
    </groups>
    <test started-at="2022-10-20T10:40:29Z" name="Default test" finished-at="2022-10-20T10:41:11Z" duration-ms="41645">
      <class name="Casestudy.TestNG">
        <test-method is-config="true" signature="BT()[pri:0, instance:Casestudy.TestNG@46b61c56]" started-at="2022-10-20T16:10:29Z" name="BT" finished-at="2022-10-20T16:10:39Z" duration-ms="10598" status="PASS">
          <reporter-output>
          </reporter-output>
        </test-method> <!-- BT -->
        <test-method signature="testcase1()[pri:0, instance:Casestudy.TestNG@46b61c56]" started-at="2022-10-20T16:10:39Z" name="testcase1" finished-at="2022-10-20T16:10:43Z" duration-ms="3184" status="PASS">
          <reporter-output>
          </reporter-output>
        </test-method> <!-- testcase1 -->
        <test-method signature="testcase2()[pri:1, instance:Casestudy.TestNG@46b61c56]" started-at="2022-10-20T16:10:43Z" name="testcase2" finished-at="2022-10-20T16:10:43Z" duration-ms="505" status="PASS">
          <reporter-output>
          </reporter-output>
        </test-method> <!-- testcase2 -->
        <test-method signature="testcase3()[pri:2, instance:Casestudy.TestNG@46b61c56]" started-at="2022-10-20T16:10:43Z" name="testcase3" finished-at="2022-10-20T16:11:07Z" duration-ms="24037" status="PASS">
          <reporter-output>
          </reporter-output>
        </test-method> <!-- testcase3 -->
        <test-method is-config="true" signature="B()[pri:0, instance:Casestudy.TestNG@46b61c56]" started-at="2022-10-20T16:11:07Z" name="B" finished-at="2022-10-20T16:11:11Z" duration-ms="3308" status="PASS">
          <reporter-output>
          </reporter-output>
        </test-method> <!-- B -->
      </class> <!-- Casestudy.TestNG -->
    </test> <!-- Default test -->
  </suite> <!-- Default suite -->
</testng-results>
